<?xml version="1.0" encoding="UTF-8"?>
<testng-results skipped="0" failed="0" ignored="0" total="2" passed="2">
  <reporter-output>
  </reporter-output>
  <suite name="Default suite" duration-ms="12089" started-at="2020-09-16T04:21:55 IST" finished-at="2020-09-16T04:22:07 IST">
    <groups>
    </groups>
    <test name="Default test" duration-ms="12089" started-at="2020-09-16T04:21:55 IST" finished-at="2020-09-16T04:22:07 IST">
      <class name="JukinMedia.Grails.loginpage">
        <test-method status="PASS" signature="loginPage(java.lang.String, java.lang.String)[pri:0, instance:JukinMedia.Grails.loginpage@5e853265]" name="loginPage" duration-ms="6332" started-at="2020-09-16T04:21:55 IST" data-provider="getData" finished-at="2020-09-16T04:22:01 IST">
          <params>
            <param index="0">
              <value>
                <![CDATA[quality@jukinmedia.com]]>
              </value>
            </param>
            <param index="1">
              <value>
                <![CDATA[Test1ng]]>
              </value>
            </param>
          </params>
          <reporter-output>
          </reporter-output>
        </test-method> <!-- loginPage -->
        <test-method status="PASS" signature="loginPage(java.lang.String, java.lang.String)[pri:0, instance:JukinMedia.Grails.loginpage@5e853265]" name="loginPage" duration-ms="5717" started-at="2020-09-16T04:22:01 IST" data-provider="getData" finished-at="2020-09-16T04:22:07 IST">
          <params>
            <param index="0">
              <value>
                <![CDATA[ekansh.2711@gmail.com]]>
              </value>
            </param>
            <param index="1">
              <value>
                <![CDATA[jukinEmployee]]>
              </value>
            </param>
          </params>
          <reporter-output>
          </reporter-output>
        </test-method> <!-- loginPage -->
      </class> <!-- JukinMedia.Grails.loginpage -->
    </test> <!-- Default test -->
  </suite> <!-- Default suite -->
</testng-results>
